<?xml version="1.0" encoding="UTF-8"?>
<testsuite name="Regression Test"
           tests="2"
           failures="0"
           errors="0"
           skipped="0"
           time="14.739">
  <properties />
  
  
            <testcase name="verifyThatTheProductAddedSuccessfullyAndPlaceOrderSuccessfully" time="11.715" classname="com.nopcommerce.testsuite.ElectronicsMenuTest" />
                <testcase name="verifyUserShouldNavigateToCellPhonesPageSuccessfully" time="3.024" classname="com.nopcommerce.testsuite.ElectronicsMenuTest" />
      
</testsuite>
